<?xml version="1.0" encoding="UTF-8"?>
<!-- Generated by org.testng.reporters.JUnitXMLReporter -->
<testsuite hostname="Faculty-2ndfloor" ignored="2" name="Test" tests="1" failures="1" timestamp="04 Jul 2018 08:09:50 GMT" time="12.438" errors="0">
  <testcase name="testVerifyVersion" time="0.962" classname="com.actitime.tests.VerifyVersionTest">
    <failure type="java.lang.AssertionError" message="The following asserts failed:
	expected [actiTIME 2017.5] but found [actiTIME 2017.4]">
      <![CDATA[java.lang.AssertionError: The following asserts failed:
expected [actiTIME 2017.5] but found [actiTIME 2017.4]
at com.actitime.tests.VerifyVersionTest.testVerifyVersion(VerifyVersionTest.java:31)
... Removed 26 stack frames]]>
    </failure>
  </testcase> <!-- testVerifyVersion -->
  <testcase name="testInvalidLogin" time="0.0" classname="com.actitime.tests.InvalidLoginTest">
    <ignored/>
  </testcase> <!-- testInvalidLogin -->
  <testcase name="testValidLoginLogout" time="0.0" classname="com.actitime.tests.ValidLoginLogoutTest">
    <ignored/>
  </testcase> <!-- testValidLoginLogout -->
</testsuite> <!-- Test -->
